<?xml version="1.0" encoding="UTF-8"?>
<TestRun id="38627ce7-9086-4a88-a00d-acf32b7cb3cc" name="Ludy@LUDIANE 2012-06-12 22:51:33" runUser="Ludiane\Ludy" xmlns="http://microsoft.com/schemas/VisualStudio/TeamTest/2010">
  <TestSettings name="Local" id="bccec7d0-300c-456a-8024-f7ef96043a0e">
    <Description>These are default test settings for a local test run.</Description>
    <Deployment enabled="false" runDeploymentRoot="Ludy_LUDIANE 2012-06-12 22_51_33">
      <DeploymentItem filename="D:\Users\Ludy\Documents\Desktop\Potz\Potz\Potz\bin\Potz.dll" />
      <DeploymentItem filename="C:\Program Files (x86)\NUnit 2.6\bin\framework\nunit.framework.dll" />
      <DeploymentItem filename="D:\Users\Ludy\Documents\Desktop\Potz\Potz\packages\EntityFramework.4.1.10331.0\lib\EntityFramework.dll" />
    </Deployment>
    <Execution>
      <TestTypeSpecific />
      <AgentRule name="Execution Agents">
      </AgentRule>
    </Execution>
  </TestSettings>
  <Times creation="2012-06-12T22:51:33.1935128-03:00" queuing="2012-06-12T22:51:35.2006276-03:00" start="2012-06-12T22:51:35.2266290-03:00" finish="2012-06-12T22:51:35.6664343-03:00" />
  <ResultSummary outcome="Failed">
    <Counters total="5" executed="5" passed="4" error="0" failed="1" timeout="0" aborted="0" inconclusive="0" passedButRunAborted="0" notRunnable="0" notExecuted="0" disconnected="0" warning="0" completed="0" inProgress="0" pending="0" />
  </ResultSummary>
  <TestDefinitions>
    <UnitTest name="verificarPotzValidoTest" storage="d:\users\ludy\documents\desktop\potz\potz\testproject1\bin\debug\testproject1.dll" id="f4976fc6-0a54-4376-64f7-a8b8ebd4c067">
      <Execution id="ddab7502-b59e-475c-9a4f-73bd82ab78d5" />
      <TestMethod codeBase="D:/Users/Ludy/Documents/Desktop/Potz/Potz/TestProject1/bin/Debug/TestProject1.DLL" adapterTypeName="Microsoft.VisualStudio.TestTools.TestTypes.Unit.UnitTestAdapter, Microsoft.VisualStudio.QualityTools.Tips.UnitTest.Adapter, Version=10.0.0.0, Culture=neutral, PublicKeyToken=b03f5f7f11d50a3a" className="TestProject1.VerificarPotzTest, TestProject1, Version=1.0.0.0, Culture=neutral, PublicKeyToken=null" name="verificarPotzValidoTest" />
    </UnitTest>
    <UnitTest name="verificarPotzValidoNegativo3" storage="d:\users\ludy\documents\desktop\potz\potz\testproject1\bin\debug\testproject1.dll" id="39202402-d48c-9452-492b-55be4237335e">
      <Execution id="520b6484-8185-40a9-828c-36d4481ddb87" />
      <TestMethod codeBase="D:/Users/Ludy/Documents/Desktop/Potz/Potz/TestProject1/bin/Debug/TestProject1.DLL" adapterTypeName="Microsoft.VisualStudio.TestTools.TestTypes.Unit.UnitTestAdapter, Microsoft.VisualStudio.QualityTools.Tips.UnitTest.Adapter, Version=10.0.0.0, Culture=neutral, PublicKeyToken=b03f5f7f11d50a3a" className="TestProject1.VerificarPotzTest, TestProject1, Version=1.0.0.0, Culture=neutral, PublicKeyToken=null" name="verificarPotzValidoNegativo3" />
    </UnitTest>
    <UnitTest name="verificarPotzValidoTest5" storage="d:\users\ludy\documents\desktop\potz\potz\testproject1\bin\debug\testproject1.dll" id="5744b74f-c700-5454-9f24-cb281bd0f845">
      <Execution id="2dca1c18-d150-4eb8-ba23-8ebeddb8e7a3" />
      <TestMethod codeBase="D:/Users/Ludy/Documents/Desktop/Potz/Potz/TestProject1/bin/Debug/TestProject1.DLL" adapterTypeName="Microsoft.VisualStudio.TestTools.TestTypes.Unit.UnitTestAdapter, Microsoft.VisualStudio.QualityTools.Tips.UnitTest.Adapter, Version=10.0.0.0, Culture=neutral, PublicKeyToken=b03f5f7f11d50a3a" className="TestProject1.VerificarPotzTest, TestProject1, Version=1.0.0.0, Culture=neutral, PublicKeyToken=null" name="verificarPotzValidoTest5" />
    </UnitTest>
    <UnitTest name="verificarPotzValidoTest4" storage="d:\users\ludy\documents\desktop\potz\potz\testproject1\bin\debug\testproject1.dll" id="9be91db4-0a3a-235e-27c6-6cd9728f3b9e">
      <Execution id="10e63053-b483-4722-9326-17472f86a0fd" />
      <TestMethod codeBase="D:/Users/Ludy/Documents/Desktop/Potz/Potz/TestProject1/bin/Debug/TestProject1.DLL" adapterTypeName="Microsoft.VisualStudio.TestTools.TestTypes.Unit.UnitTestAdapter, Microsoft.VisualStudio.QualityTools.Tips.UnitTest.Adapter, Version=10.0.0.0, Culture=neutral, PublicKeyToken=b03f5f7f11d50a3a" className="TestProject1.VerificarPotzTest, TestProject1, Version=1.0.0.0, Culture=neutral, PublicKeyToken=null" name="verificarPotzValidoTest4" />
    </UnitTest>
    <UnitTest name="verificarPotzValidoTest2" storage="d:\users\ludy\documents\desktop\potz\potz\testproject1\bin\debug\testproject1.dll" id="833218db-a0a1-9bda-f145-360eb3d86e5d">
      <Execution id="39d2f930-77cd-49c7-ba78-035d0ced9bc4" />
      <TestMethod codeBase="D:/Users/Ludy/Documents/Desktop/Potz/Potz/TestProject1/bin/Debug/TestProject1.DLL" adapterTypeName="Microsoft.VisualStudio.TestTools.TestTypes.Unit.UnitTestAdapter, Microsoft.VisualStudio.QualityTools.Tips.UnitTest.Adapter, Version=10.0.0.0, Culture=neutral, PublicKeyToken=b03f5f7f11d50a3a" className="TestProject1.VerificarPotzTest, TestProject1, Version=1.0.0.0, Culture=neutral, PublicKeyToken=null" name="verificarPotzValidoTest2" />
    </UnitTest>
  </TestDefinitions>
  <TestLists>
    <TestList name="Results Not in a List" id="8c84fa94-04c1-424b-9868-57a2d4851a1d" />
    <TestList name="All Loaded Results" id="19431567-8539-422a-85d7-44ee4e166bda" />
  </TestLists>
  <TestEntries>
    <TestEntry testId="39202402-d48c-9452-492b-55be4237335e" executionId="520b6484-8185-40a9-828c-36d4481ddb87" testListId="8c84fa94-04c1-424b-9868-57a2d4851a1d" />
    <TestEntry testId="5744b74f-c700-5454-9f24-cb281bd0f845" executionId="2dca1c18-d150-4eb8-ba23-8ebeddb8e7a3" testListId="8c84fa94-04c1-424b-9868-57a2d4851a1d" />
    <TestEntry testId="833218db-a0a1-9bda-f145-360eb3d86e5d" executionId="39d2f930-77cd-49c7-ba78-035d0ced9bc4" testListId="8c84fa94-04c1-424b-9868-57a2d4851a1d" />
    <TestEntry testId="9be91db4-0a3a-235e-27c6-6cd9728f3b9e" executionId="10e63053-b483-4722-9326-17472f86a0fd" testListId="8c84fa94-04c1-424b-9868-57a2d4851a1d" />
    <TestEntry testId="f4976fc6-0a54-4376-64f7-a8b8ebd4c067" executionId="ddab7502-b59e-475c-9a4f-73bd82ab78d5" testListId="8c84fa94-04c1-424b-9868-57a2d4851a1d" />
  </TestEntries>
  <Results>
    <UnitTestResult executionId="520b6484-8185-40a9-828c-36d4481ddb87" testId="39202402-d48c-9452-492b-55be4237335e" testName="verificarPotzValidoNegativo3" computerName="LUDIANE" duration="00:00:00.0174180" startTime="2012-06-12T22:51:35.2546306-03:00" endTime="2012-06-12T22:51:35.5260341-03:00" testType="13cdc9d9-ddb5-4fa4-a97d-d965ccfc6d4b" outcome="Passed" testListId="8c84fa94-04c1-424b-9868-57a2d4851a1d" relativeResultsDirectory="520b6484-8185-40a9-828c-36d4481ddb87">
    </UnitTestResult>
    <UnitTestResult executionId="2dca1c18-d150-4eb8-ba23-8ebeddb8e7a3" testId="5744b74f-c700-5454-9f24-cb281bd0f845" testName="verificarPotzValidoTest5" computerName="LUDIANE" duration="00:00:00.0048942" startTime="2012-06-12T22:51:35.5416341-03:00" endTime="2012-06-12T22:51:35.5416341-03:00" testType="13cdc9d9-ddb5-4fa4-a97d-d965ccfc6d4b" outcome="Passed" testListId="8c84fa94-04c1-424b-9868-57a2d4851a1d" relativeResultsDirectory="2dca1c18-d150-4eb8-ba23-8ebeddb8e7a3">
    </UnitTestResult>
    <UnitTestResult executionId="39d2f930-77cd-49c7-ba78-035d0ced9bc4" testId="833218db-a0a1-9bda-f145-360eb3d86e5d" testName="verificarPotzValidoTest2" computerName="LUDIANE" duration="00:00:00.0014698" startTime="2012-06-12T22:51:35.5416341-03:00" endTime="2012-06-12T22:51:35.5572341-03:00" testType="13cdc9d9-ddb5-4fa4-a97d-d965ccfc6d4b" outcome="Passed" testListId="8c84fa94-04c1-424b-9868-57a2d4851a1d" relativeResultsDirectory="39d2f930-77cd-49c7-ba78-035d0ced9bc4">
    </UnitTestResult>
    <UnitTestResult executionId="10e63053-b483-4722-9326-17472f86a0fd" testId="9be91db4-0a3a-235e-27c6-6cd9728f3b9e" testName="verificarPotzValidoTest4" computerName="LUDIANE" duration="00:00:00.0102765" startTime="2012-06-12T22:51:35.5572341-03:00" endTime="2012-06-12T22:51:35.5884342-03:00" testType="13cdc9d9-ddb5-4fa4-a97d-d965ccfc6d4b" outcome="Passed" testListId="8c84fa94-04c1-424b-9868-57a2d4851a1d" relativeResultsDirectory="10e63053-b483-4722-9326-17472f86a0fd">
    </UnitTestResult>
    <UnitTestResult executionId="ddab7502-b59e-475c-9a4f-73bd82ab78d5" testId="f4976fc6-0a54-4376-64f7-a8b8ebd4c067" testName="verificarPotzValidoTest" computerName="LUDIANE" duration="00:00:00.0460187" startTime="2012-06-12T22:51:35.5884342-03:00" endTime="2012-06-12T22:51:35.6352342-03:00" testType="13cdc9d9-ddb5-4fa4-a97d-d965ccfc6d4b" outcome="Failed" testListId="8c84fa94-04c1-424b-9868-57a2d4851a1d" relativeResultsDirectory="ddab7502-b59e-475c-9a4f-73bd82ab78d5">
      <Output>
        <ErrorInfo>
          <Message>Assert.AreEqual failed. Expected:&lt;-1&gt;. Actual:&lt;1&gt;. </Message>
          <StackTrace>   at TestProject1.VerificarPotzTest.verificarPotzValidoTest() in D:\Users\Ludy\Documents\Desktop\Potz\Potz\TestProject1\VerificarPotzTest.cs:line 63
</StackTrace>
        </ErrorInfo>
      </Output>
    </UnitTestResult>
  </Results>
</TestRun>