<?xml version="1.0" encoding="UTF-8"?>
<TestRun id="f8dca5bb-b09d-4e17-8ab0-df50d5597f9e" name="Ludy@LUDIANE 2012-06-12 23:18:23" runUser="Ludiane\Ludy" xmlns="http://microsoft.com/schemas/VisualStudio/TeamTest/2010">
  <TestSettings name="Local" id="bccec7d0-300c-456a-8024-f7ef96043a0e">
    <Description>These are default test settings for a local test run.</Description>
    <Deployment enabled="false" runDeploymentRoot="Ludy_LUDIANE 2012-06-12 23_18_23">
      <DeploymentItem filename="D:\Users\Ludy\Documents\Desktop\Potz\Potz\Potz\bin\Potz.dll" />
      <DeploymentItem filename="C:\Program Files (x86)\NUnit 2.6\bin\framework\nunit.framework.dll" />
      <DeploymentItem filename="D:\Users\Ludy\Documents\Desktop\Potz\Potz\packages\EntityFramework.4.1.10331.0\lib\EntityFramework.dll" />
    </Deployment>
    <Execution>
      <TestTypeSpecific />
      <AgentRule name="Execution Agents">
      </AgentRule>
    </Execution>
  </TestSettings>
  <Times creation="2012-06-12T23:18:23.1697111-03:00" queuing="2012-06-12T23:18:23.2167138-03:00" start="2012-06-12T23:18:23.2287145-03:00" finish="2012-06-12T23:18:23.8199379-03:00" />
  <ResultSummary outcome="Completed">
    <Counters total="1" executed="1" passed="1" error="0" failed="0" timeout="0" aborted="0" inconclusive="0" passedButRunAborted="0" notRunnable="0" notExecuted="0" disconnected="0" warning="0" completed="0" inProgress="0" pending="0" />
  </ResultSummary>
  <TestDefinitions>
    <UnitTest name="verificarPotzValidoTest7" storage="d:\users\ludy\documents\desktop\potz\potz\testproject1\bin\debug\testproject1.dll" id="caf60106-3d54-1dc9-29c3-90f26fce7deb">
      <Execution id="53d405e5-af84-4a89-8d30-0ce8dd686595" />
      <TestMethod codeBase="D:/Users/Ludy/Documents/Desktop/Potz/Potz/TestProject1/bin/Debug/TestProject1.DLL" adapterTypeName="Microsoft.VisualStudio.TestTools.TestTypes.Unit.UnitTestAdapter, Microsoft.VisualStudio.QualityTools.Tips.UnitTest.Adapter, Version=10.0.0.0, Culture=neutral, PublicKeyToken=b03f5f7f11d50a3a" className="TestProject1.VerificarPotzTest, TestProject1, Version=1.0.0.0, Culture=neutral, PublicKeyToken=null" name="verificarPotzValidoTest7" />
    </UnitTest>
  </TestDefinitions>
  <TestLists>
    <TestList name="Results Not in a List" id="8c84fa94-04c1-424b-9868-57a2d4851a1d" />
    <TestList name="All Loaded Results" id="19431567-8539-422a-85d7-44ee4e166bda" />
  </TestLists>
  <TestEntries>
    <TestEntry testId="caf60106-3d54-1dc9-29c3-90f26fce7deb" executionId="53d405e5-af84-4a89-8d30-0ce8dd686595" testListId="8c84fa94-04c1-424b-9868-57a2d4851a1d" />
  </TestEntries>
  <Results>
    <UnitTestResult executionId="53d405e5-af84-4a89-8d30-0ce8dd686595" testId="caf60106-3d54-1dc9-29c3-90f26fce7deb" testName="verificarPotzValidoTest7" computerName="LUDIANE" duration="00:00:00.0179466" startTime="2012-06-12T23:18:23.2447154-03:00" endTime="2012-06-12T23:18:23.5237313-03:00" testType="13cdc9d9-ddb5-4fa4-a97d-d965ccfc6d4b" outcome="Passed" testListId="8c84fa94-04c1-424b-9868-57a2d4851a1d" relativeResultsDirectory="53d405e5-af84-4a89-8d30-0ce8dd686595">
    </UnitTestResult>
  </Results>
</TestRun>