<?xml version="1.0" encoding="UTF-8"?>
<TestRun id="bec47fa4-703d-4a54-aa22-3af4408fccf0" name="Ludy@LUDIANE 2012-06-12 22:50:06" runUser="Ludiane\Ludy" xmlns="http://microsoft.com/schemas/VisualStudio/TeamTest/2010">
  <TestSettings name="Local" id="bccec7d0-300c-456a-8024-f7ef96043a0e">
    <Description>These are default test settings for a local test run.</Description>
    <Deployment enabled="false" runDeploymentRoot="Ludy_LUDIANE 2012-06-12 22_50_06">
      <DeploymentItem filename="D:\Users\Ludy\Documents\Desktop\Potz\Potz\Potz\bin\Potz.dll" />
      <DeploymentItem filename="C:\Program Files (x86)\NUnit 2.6\bin\framework\nunit.framework.dll" />
      <DeploymentItem filename="D:\Users\Ludy\Documents\Desktop\Potz\Potz\packages\EntityFramework.4.1.10331.0\lib\EntityFramework.dll" />
    </Deployment>
    <Execution>
      <TestTypeSpecific />
      <AgentRule name="Execution Agents">
      </AgentRule>
    </Execution>
  </TestSettings>
  <Times creation="2012-06-12T22:50:06.2055386-03:00" queuing="2012-06-12T22:50:06.2523387-03:00" start="2012-06-12T22:50:06.2835388-03:00" finish="2012-06-12T22:50:06.7983397-03:00" />
  <ResultSummary outcome="Failed">
    <Counters total="5" executed="5" passed="4" error="0" failed="1" timeout="0" aborted="0" inconclusive="0" passedButRunAborted="0" notRunnable="0" notExecuted="0" disconnected="0" warning="0" completed="0" inProgress="0" pending="0" />
  </ResultSummary>
  <TestDefinitions>
    <UnitTest name="verificarPotzValidoTest" storage="d:\users\ludy\documents\desktop\potz\potz\testproject1\bin\debug\testproject1.dll" id="f4976fc6-0a54-4376-64f7-a8b8ebd4c067">
      <Execution id="598c8566-9e82-4c5e-84b0-d91b68c0a327" />
      <TestMethod codeBase="D:/Users/Ludy/Documents/Desktop/Potz/Potz/TestProject1/bin/Debug/TestProject1.DLL" adapterTypeName="Microsoft.VisualStudio.TestTools.TestTypes.Unit.UnitTestAdapter, Microsoft.VisualStudio.QualityTools.Tips.UnitTest.Adapter, Version=10.0.0.0, Culture=neutral, PublicKeyToken=b03f5f7f11d50a3a" className="TestProject1.VerificarPotzTest, TestProject1, Version=1.0.0.0, Culture=neutral, PublicKeyToken=null" name="verificarPotzValidoTest" />
    </UnitTest>
    <UnitTest name="verificarPotzValidoNegativo3" storage="d:\users\ludy\documents\desktop\potz\potz\testproject1\bin\debug\testproject1.dll" id="39202402-d48c-9452-492b-55be4237335e">
      <Execution id="a73a7895-bbe5-45c1-9cba-294869f7ace4" />
      <TestMethod codeBase="D:/Users/Ludy/Documents/Desktop/Potz/Potz/TestProject1/bin/Debug/TestProject1.DLL" adapterTypeName="Microsoft.VisualStudio.TestTools.TestTypes.Unit.UnitTestAdapter, Microsoft.VisualStudio.QualityTools.Tips.UnitTest.Adapter, Version=10.0.0.0, Culture=neutral, PublicKeyToken=b03f5f7f11d50a3a" className="TestProject1.VerificarPotzTest, TestProject1, Version=1.0.0.0, Culture=neutral, PublicKeyToken=null" name="verificarPotzValidoNegativo3" />
    </UnitTest>
    <UnitTest name="verificarPotzValidoTest5" storage="d:\users\ludy\documents\desktop\potz\potz\testproject1\bin\debug\testproject1.dll" id="5744b74f-c700-5454-9f24-cb281bd0f845">
      <Execution id="cf12a65f-4caa-4206-9d47-fc7f89ff7344" />
      <TestMethod codeBase="D:/Users/Ludy/Documents/Desktop/Potz/Potz/TestProject1/bin/Debug/TestProject1.DLL" adapterTypeName="Microsoft.VisualStudio.TestTools.TestTypes.Unit.UnitTestAdapter, Microsoft.VisualStudio.QualityTools.Tips.UnitTest.Adapter, Version=10.0.0.0, Culture=neutral, PublicKeyToken=b03f5f7f11d50a3a" className="TestProject1.VerificarPotzTest, TestProject1, Version=1.0.0.0, Culture=neutral, PublicKeyToken=null" name="verificarPotzValidoTest5" />
    </UnitTest>
    <UnitTest name="verificarPotzValidoTest4" storage="d:\users\ludy\documents\desktop\potz\potz\testproject1\bin\debug\testproject1.dll" id="9be91db4-0a3a-235e-27c6-6cd9728f3b9e">
      <Execution id="883c0ba9-e899-498a-80d4-7d325c90f3d7" />
      <TestMethod codeBase="D:/Users/Ludy/Documents/Desktop/Potz/Potz/TestProject1/bin/Debug/TestProject1.DLL" adapterTypeName="Microsoft.VisualStudio.TestTools.TestTypes.Unit.UnitTestAdapter, Microsoft.VisualStudio.QualityTools.Tips.UnitTest.Adapter, Version=10.0.0.0, Culture=neutral, PublicKeyToken=b03f5f7f11d50a3a" className="TestProject1.VerificarPotzTest, TestProject1, Version=1.0.0.0, Culture=neutral, PublicKeyToken=null" name="verificarPotzValidoTest4" />
    </UnitTest>
    <UnitTest name="verificarPotzValidoTest2" storage="d:\users\ludy\documents\desktop\potz\potz\testproject1\bin\debug\testproject1.dll" id="833218db-a0a1-9bda-f145-360eb3d86e5d">
      <Execution id="b78415a7-7dce-45ee-86c4-4b84109e2401" />
      <TestMethod codeBase="D:/Users/Ludy/Documents/Desktop/Potz/Potz/TestProject1/bin/Debug/TestProject1.DLL" adapterTypeName="Microsoft.VisualStudio.TestTools.TestTypes.Unit.UnitTestAdapter, Microsoft.VisualStudio.QualityTools.Tips.UnitTest.Adapter, Version=10.0.0.0, Culture=neutral, PublicKeyToken=b03f5f7f11d50a3a" className="TestProject1.VerificarPotzTest, TestProject1, Version=1.0.0.0, Culture=neutral, PublicKeyToken=null" name="verificarPotzValidoTest2" />
    </UnitTest>
  </TestDefinitions>
  <TestLists>
    <TestList name="Results Not in a List" id="8c84fa94-04c1-424b-9868-57a2d4851a1d" />
    <TestList name="All Loaded Results" id="19431567-8539-422a-85d7-44ee4e166bda" />
  </TestLists>
  <TestEntries>
    <TestEntry testId="39202402-d48c-9452-492b-55be4237335e" executionId="a73a7895-bbe5-45c1-9cba-294869f7ace4" testListId="8c84fa94-04c1-424b-9868-57a2d4851a1d" />
    <TestEntry testId="5744b74f-c700-5454-9f24-cb281bd0f845" executionId="cf12a65f-4caa-4206-9d47-fc7f89ff7344" testListId="8c84fa94-04c1-424b-9868-57a2d4851a1d" />
    <TestEntry testId="833218db-a0a1-9bda-f145-360eb3d86e5d" executionId="b78415a7-7dce-45ee-86c4-4b84109e2401" testListId="8c84fa94-04c1-424b-9868-57a2d4851a1d" />
    <TestEntry testId="9be91db4-0a3a-235e-27c6-6cd9728f3b9e" executionId="883c0ba9-e899-498a-80d4-7d325c90f3d7" testListId="8c84fa94-04c1-424b-9868-57a2d4851a1d" />
    <TestEntry testId="f4976fc6-0a54-4376-64f7-a8b8ebd4c067" executionId="598c8566-9e82-4c5e-84b0-d91b68c0a327" testListId="8c84fa94-04c1-424b-9868-57a2d4851a1d" />
  </TestEntries>
  <Results>
    <UnitTestResult executionId="a73a7895-bbe5-45c1-9cba-294869f7ace4" testId="39202402-d48c-9452-492b-55be4237335e" testName="verificarPotzValidoNegativo3" computerName="LUDIANE" duration="00:00:00.0186386" startTime="2012-06-12T22:50:06.3615389-03:00" endTime="2012-06-12T22:50:06.6423394-03:00" testType="13cdc9d9-ddb5-4fa4-a97d-d965ccfc6d4b" outcome="Passed" testListId="8c84fa94-04c1-424b-9868-57a2d4851a1d" relativeResultsDirectory="a73a7895-bbe5-45c1-9cba-294869f7ace4">
    </UnitTestResult>
    <UnitTestResult executionId="cf12a65f-4caa-4206-9d47-fc7f89ff7344" testId="5744b74f-c700-5454-9f24-cb281bd0f845" testName="verificarPotzValidoTest5" computerName="LUDIANE" duration="00:00:00.0004106" startTime="2012-06-12T22:50:06.6891395-03:00" endTime="2012-06-12T22:50:06.6891395-03:00" testType="13cdc9d9-ddb5-4fa4-a97d-d965ccfc6d4b" outcome="Passed" testListId="8c84fa94-04c1-424b-9868-57a2d4851a1d" relativeResultsDirectory="cf12a65f-4caa-4206-9d47-fc7f89ff7344">
    </UnitTestResult>
    <UnitTestResult executionId="b78415a7-7dce-45ee-86c4-4b84109e2401" testId="833218db-a0a1-9bda-f145-360eb3d86e5d" testName="verificarPotzValidoTest2" computerName="LUDIANE" duration="00:00:00.0002291" startTime="2012-06-12T22:50:06.7203396-03:00" endTime="2012-06-12T22:50:06.7359396-03:00" testType="13cdc9d9-ddb5-4fa4-a97d-d965ccfc6d4b" outcome="Passed" testListId="8c84fa94-04c1-424b-9868-57a2d4851a1d" relativeResultsDirectory="b78415a7-7dce-45ee-86c4-4b84109e2401">
    </UnitTestResult>
    <UnitTestResult executionId="883c0ba9-e899-498a-80d4-7d325c90f3d7" testId="9be91db4-0a3a-235e-27c6-6cd9728f3b9e" testName="verificarPotzValidoTest4" computerName="LUDIANE" duration="00:00:00.0002729" startTime="2012-06-12T22:50:06.7359396-03:00" endTime="2012-06-12T22:50:06.7359396-03:00" testType="13cdc9d9-ddb5-4fa4-a97d-d965ccfc6d4b" outcome="Passed" testListId="8c84fa94-04c1-424b-9868-57a2d4851a1d" relativeResultsDirectory="883c0ba9-e899-498a-80d4-7d325c90f3d7">
    </UnitTestResult>
    <UnitTestResult executionId="598c8566-9e82-4c5e-84b0-d91b68c0a327" testId="f4976fc6-0a54-4376-64f7-a8b8ebd4c067" testName="verificarPotzValidoTest" computerName="LUDIANE" duration="00:00:00.0244568" startTime="2012-06-12T22:50:06.7359396-03:00" endTime="2012-06-12T22:50:06.7671396-03:00" testType="13cdc9d9-ddb5-4fa4-a97d-d965ccfc6d4b" outcome="Failed" testListId="8c84fa94-04c1-424b-9868-57a2d4851a1d" relativeResultsDirectory="598c8566-9e82-4c5e-84b0-d91b68c0a327">
      <Output>
        <ErrorInfo>
          <Message>Assert.AreEqual failed. Expected:&lt;-1&gt;. Actual:&lt;1&gt;. </Message>
          <StackTrace>   at TestProject1.VerificarPotzTest.verificarPotzValidoTest() in D:\Users\Ludy\Documents\Desktop\Potz\Potz\TestProject1\VerificarPotzTest.cs:line 63
</StackTrace>
        </ErrorInfo>
      </Output>
    </UnitTestResult>
  </Results>
</TestRun>