<?xml version="1.0" encoding="UTF-8"?>
<TestRun id="99f4ba1e-ae48-4210-a0aa-e2c2f60b83c4" name="Ludy@LUDIANE 2012-06-12 22:43:05" runUser="Ludiane\Ludy" xmlns="http://microsoft.com/schemas/VisualStudio/TeamTest/2010">
  <TestSettings name="Local" id="bccec7d0-300c-456a-8024-f7ef96043a0e">
    <Description>These are default test settings for a local test run.</Description>
    <Deployment enabled="false" runDeploymentRoot="Ludy_LUDIANE 2012-06-12 22_43_05">
      <DeploymentItem filename="D:\Users\Ludy\Documents\Desktop\Potz\Potz\Potz\bin\Potz.dll" />
      <DeploymentItem filename="C:\Program Files (x86)\NUnit 2.6\bin\framework\nunit.framework.dll" />
      <DeploymentItem filename="D:\Users\Ludy\Documents\Desktop\Potz\Potz\packages\EntityFramework.4.1.10331.0\lib\EntityFramework.dll" />
    </Deployment>
    <Execution>
      <TestTypeSpecific />
      <AgentRule name="Execution Agents">
      </AgentRule>
    </Execution>
  </TestSettings>
  <Times creation="2012-06-12T22:43:05.7582871-03:00" queuing="2012-06-12T22:43:05.8206872-03:00" start="2012-06-12T22:43:05.8518873-03:00" finish="2012-06-12T22:43:06.6162886-03:00" />
  <ResultSummary outcome="Completed">
    <Counters total="3" executed="3" passed="3" error="0" failed="0" timeout="0" aborted="0" inconclusive="0" passedButRunAborted="0" notRunnable="0" notExecuted="0" disconnected="0" warning="0" completed="0" inProgress="0" pending="0" />
  </ResultSummary>
  <TestDefinitions>
    <UnitTest name="verificarPotzValidoTest" storage="d:\users\ludy\documents\desktop\potz\potz\testproject1\bin\debug\testproject1.dll" id="f4976fc6-0a54-4376-64f7-a8b8ebd4c067">
      <Execution id="6ccc4c1e-9dc3-44af-9aca-5f5c854763ad" />
      <TestMethod codeBase="D:/Users/Ludy/Documents/Desktop/Potz/Potz/TestProject1/bin/Debug/TestProject1.DLL" adapterTypeName="Microsoft.VisualStudio.TestTools.TestTypes.Unit.UnitTestAdapter, Microsoft.VisualStudio.QualityTools.Tips.UnitTest.Adapter, Version=10.0.0.0, Culture=neutral, PublicKeyToken=b03f5f7f11d50a3a" className="TestProject1.VerificarPotzTest, TestProject1, Version=1.0.0.0, Culture=neutral, PublicKeyToken=null" name="verificarPotzValidoTest" />
    </UnitTest>
    <UnitTest name="verificarPotzValidoNegativo" storage="d:\users\ludy\documents\desktop\potz\potz\testproject1\bin\debug\testproject1.dll" id="fee2e3d5-7334-da43-9147-d9571a476ee0">
      <Execution id="c23b7f33-e53e-49a0-9fdf-a9ecb049f9a3" />
      <TestMethod codeBase="D:/Users/Ludy/Documents/Desktop/Potz/Potz/TestProject1/bin/Debug/TestProject1.DLL" adapterTypeName="Microsoft.VisualStudio.TestTools.TestTypes.Unit.UnitTestAdapter, Microsoft.VisualStudio.QualityTools.Tips.UnitTest.Adapter, Version=10.0.0.0, Culture=neutral, PublicKeyToken=b03f5f7f11d50a3a" className="TestProject1.VerificarPotzTest, TestProject1, Version=1.0.0.0, Culture=neutral, PublicKeyToken=null" name="verificarPotzValidoNegativo" />
    </UnitTest>
    <UnitTest name="verificarPotzValidoTest2" storage="d:\users\ludy\documents\desktop\potz\potz\testproject1\bin\debug\testproject1.dll" id="833218db-a0a1-9bda-f145-360eb3d86e5d">
      <Execution id="ef94dd94-a9d4-4c4f-8444-47617db0b643" />
      <TestMethod codeBase="D:/Users/Ludy/Documents/Desktop/Potz/Potz/TestProject1/bin/Debug/TestProject1.DLL" adapterTypeName="Microsoft.VisualStudio.TestTools.TestTypes.Unit.UnitTestAdapter, Microsoft.VisualStudio.QualityTools.Tips.UnitTest.Adapter, Version=10.0.0.0, Culture=neutral, PublicKeyToken=b03f5f7f11d50a3a" className="TestProject1.VerificarPotzTest, TestProject1, Version=1.0.0.0, Culture=neutral, PublicKeyToken=null" name="verificarPotzValidoTest2" />
    </UnitTest>
  </TestDefinitions>
  <TestLists>
    <TestList name="Results Not in a List" id="8c84fa94-04c1-424b-9868-57a2d4851a1d" />
    <TestList name="All Loaded Results" id="19431567-8539-422a-85d7-44ee4e166bda" />
  </TestLists>
  <TestEntries>
    <TestEntry testId="833218db-a0a1-9bda-f145-360eb3d86e5d" executionId="ef94dd94-a9d4-4c4f-8444-47617db0b643" testListId="8c84fa94-04c1-424b-9868-57a2d4851a1d" />
    <TestEntry testId="f4976fc6-0a54-4376-64f7-a8b8ebd4c067" executionId="6ccc4c1e-9dc3-44af-9aca-5f5c854763ad" testListId="8c84fa94-04c1-424b-9868-57a2d4851a1d" />
    <TestEntry testId="fee2e3d5-7334-da43-9147-d9571a476ee0" executionId="c23b7f33-e53e-49a0-9fdf-a9ecb049f9a3" testListId="8c84fa94-04c1-424b-9868-57a2d4851a1d" />
  </TestEntries>
  <Results>
    <UnitTestResult executionId="ef94dd94-a9d4-4c4f-8444-47617db0b643" testId="833218db-a0a1-9bda-f145-360eb3d86e5d" testName="verificarPotzValidoTest2" computerName="LUDIANE" duration="00:00:00.0174516" startTime="2012-06-12T22:43:06.1794879-03:00" endTime="2012-06-12T22:43:06.4446883-03:00" testType="13cdc9d9-ddb5-4fa4-a97d-d965ccfc6d4b" outcome="Passed" testListId="8c84fa94-04c1-424b-9868-57a2d4851a1d" relativeResultsDirectory="ef94dd94-a9d4-4c4f-8444-47617db0b643">
    </UnitTestResult>
    <UnitTestResult executionId="6ccc4c1e-9dc3-44af-9aca-5f5c854763ad" testId="f4976fc6-0a54-4376-64f7-a8b8ebd4c067" testName="verificarPotzValidoTest" computerName="LUDIANE" duration="00:00:00.0034510" startTime="2012-06-12T22:43:06.4602884-03:00" endTime="2012-06-12T22:43:06.4914884-03:00" testType="13cdc9d9-ddb5-4fa4-a97d-d965ccfc6d4b" outcome="Passed" testListId="8c84fa94-04c1-424b-9868-57a2d4851a1d" relativeResultsDirectory="6ccc4c1e-9dc3-44af-9aca-5f5c854763ad">
    </UnitTestResult>
    <UnitTestResult executionId="c23b7f33-e53e-49a0-9fdf-a9ecb049f9a3" testId="fee2e3d5-7334-da43-9147-d9571a476ee0" testName="verificarPotzValidoNegativo" computerName="LUDIANE" duration="00:00:00.0042629" startTime="2012-06-12T22:43:06.5070884-03:00" endTime="2012-06-12T22:43:06.5070884-03:00" testType="13cdc9d9-ddb5-4fa4-a97d-d965ccfc6d4b" outcome="Passed" testListId="8c84fa94-04c1-424b-9868-57a2d4851a1d" relativeResultsDirectory="c23b7f33-e53e-49a0-9fdf-a9ecb049f9a3">
    </UnitTestResult>
  </Results>
</TestRun>